<?xml version="1.0" encoding="UTF-8"?>
<!-- Generated by org.testng.reporters.JUnitXMLReporter -->
<testsuite ignored="0" hostname="35345e759bdd59a" failures="1" tests="1" name="TestDropdown" time="45.889" errors="0" timestamp="2025-11-20T14:14:19 IST">
  <testcase classname="DropdownTest" name="f" time="18.536">
    <failure type="java.lang.AssertionError" message="expected [true] but found [false]">
      <![CDATA[java.lang.AssertionError: expected [true] but found [false]
at DropdownTest.f(DropdownTest.java:43)
at java.base/java.util.ArrayList.forEach(ArrayList.java:1604)
... Removed 33 stack frames]]>
    </failure>
  </testcase> <!-- f -->
</testsuite> <!-- TestDropdown -->
