<?xml version="1.0" encoding="UTF-8"?>
<!-- Generated by org.testng.reporters.JUnitXMLReporter -->
<testsuite ignored="0" hostname="35345e759bdd59a" failures="1" tests="1" name="TestTimesheet" time="21.272" errors="0" timestamp="2025-11-20T14:14:50 IST">
  <testcase classname="Timesheet" name="f" time="16.222">
    <failure type="java.lang.AssertionError" message="expected [true] but found [false]">
      <![CDATA[java.lang.AssertionError: expected [true] but found [false]
at Timesheet.f(Timesheet.java:43)
at java.base/java.util.ArrayList.forEach(ArrayList.java:1604)
... Removed 33 stack frames]]>
    </failure>
  </testcase> <!-- f -->
</testsuite> <!-- TestTimesheet -->
