<!DOCTYPE html PUBLIC "-//W3C//DTD XHTML 1.1//EN" "https://www.w3.org/TR/xhtml11/DTD/xhtml11.dtd">
<html xmlns="https://www.w3.org/1999/xhtml">
<head>
<meta http-equiv="content-type" content="text/html; charset=UTF-8"/>
<title>TestNG Report</title>
<style type="text/css">table {margin-bottom:10px;border-collapse:collapse;empty-cells:show}th,td {border:1px solid #009;padding:.25em .5em}th {vertical-align:bottom}td {vertical-align:top}table a {font-weight:bold}.stripe td {background-color: #E6EBF9}.num {text-align:right}.passedodd td {background-color: #3F3}.passedeven td {background-color: #0A0}.skippedodd td {background-color: #DDD}.skippedeven td {background-color: #CCC}.failedodd td,.attn {background-color: #F33}.failedeven td,.stripe .attn {background-color: #D00}.stacktrace {white-space:pre;font-family:monospace}.totop {font-size:85%;text-align:center;border-bottom:2px solid #000}.invisible {display:none}</style>
</head>
<body>
<table>
<tr><th>Test</th><th># Passed</th><th># Skipped</th><th># Retried</th><th># Failed</th><th>Time (ms)</th><th>Included Groups</th><th>Excluded Groups</th></tr>
<tr><th colspan="8">Suite</th></tr>
<tr><td><a href="#t0">TestLogin</a></td><td class="num">1</td><td class="num">0</td><td class="num">0</td><td class="num">0</td><td class="num">8,616</td><td></td><td></td></tr>
<tr class="stripe"><td><a href="#t1">TestBuzz</a></td><td class="num">1</td><td class="num">0</td><td class="num">0</td><td class="num">0</td><td class="num">11,184</td><td></td><td></td></tr>
<tr><td><a href="#t2">TestDropdown</a></td><td class="num">0</td><td class="num">0</td><td class="num">0</td><td class="num attn">1</td><td class="num">45,889</td><td></td><td></td></tr>
<tr class="stripe"><td><a href="#t3">TestQuestionMark</a></td><td class="num">1</td><td class="num">0</td><td class="num">0</td><td class="num">0</td><td class="num">10,266</td><td></td><td></td></tr>
<tr><td><a href="#t4">TestTimesheet</a></td><td class="num">0</td><td class="num">0</td><td class="num">0</td><td class="num attn">1</td><td class="num">21,272</td><td></td><td></td></tr>
<tr><th>Total</th><th class="num">3</th><th class="num">0</th><th class="num">0</th><th class="num attn">2</th><th class="num">97,227</th><th colspan="2"></th></tr>
</table>
<table id='summary'><thead><tr><th>Class</th><th>Method</th><th>Start</th><th>Time (ms)</th></tr></thead><tbody><tr><th colspan="4">Suite</th></tr></tbody><tbody id="t0"><tr><th colspan="4">TestLogin &#8212; passed</th></tr><tr class="passedeven"><td rowspan="1">Login</td><td><a href="#m0">f</a></td><td rowspan="1">1763628198815</td><td rowspan="1">3170</td></tr></tbody>
<tbody id="t1"><tr><th colspan="4">TestBuzz &#8212; passed</th></tr><tr class="passedeven"><td rowspan="1">BuzzTest</td><td><a href="#m1">f</a></td><td rowspan="1">1763628206647</td><td rowspan="1">6510</td></tr></tbody>
<tbody id="t2"><tr><th colspan="4">TestDropdown &#8212; failed</th></tr><tr class="failedeven"><td rowspan="1">DropdownTest</td><td><a href="#m2">f</a></td><td rowspan="1">1763628240486</td><td rowspan="1">18536</td></tr></tbody>
<tbody id="t3"><tr><th colspan="4">TestQuestionMark &#8212; passed</th></tr><tr class="passedeven"><td rowspan="1">QuestionMark</td><td><a href="#m3">f</a></td><td rowspan="1">1763628263798</td><td rowspan="1">5524</td></tr></tbody>
<tbody id="t4"><tr><th colspan="4">TestTimesheet &#8212; failed</th></tr><tr class="failedeven"><td rowspan="1">Timesheet</td><td><a href="#m4">f</a></td><td rowspan="1">1763628274406</td><td rowspan="1">16222</td></tr></tbody>
</table>
<h2>TestLogin</h2><h3 id="m0">Login#f</h3><table class="result"><tr><th class="invisible"/></tr></table><p class="totop"><a href="#summary">back to summary</a></p>
<h2>TestBuzz</h2><h3 id="m1">BuzzTest#f</h3><table class="result"><tr><th class="invisible"/></tr></table><p class="totop"><a href="#summary">back to summary</a></p>
<h2>TestDropdown</h2><h3 id="m2">DropdownTest#f</h3><table class="result"><tr><th>Exception</th></tr><tr><td><div class="stacktrace">java.lang.AssertionError: expected [true] but found [false]
	at DropdownTest.f(DropdownTest.java:43)
	at java.base/java.util.ArrayList.forEach(ArrayList.java:1604)
... Removed 33 stack frames</div></td></tr></table><p class="totop"><a href="#summary">back to summary</a></p>
<h2>TestQuestionMark</h2><h3 id="m3">QuestionMark#f</h3><table class="result"><tr><th class="invisible"/></tr></table><p class="totop"><a href="#summary">back to summary</a></p>
<h2>TestTimesheet</h2><h3 id="m4">Timesheet#f</h3><table class="result"><tr><th>Exception</th></tr><tr><td><div class="stacktrace">java.lang.AssertionError: expected [true] but found [false]
	at Timesheet.f(Timesheet.java:43)
	at java.base/java.util.ArrayList.forEach(ArrayList.java:1604)
... Removed 33 stack frames</div></td></tr></table><p class="totop"><a href="#summary">back to summary</a></p>
</body>
</html>
