<?xml version="1.0" encoding="UTF-8"?>
<testng-results ignored="0" total="5" passed="3" failed="2" skipped="0">
  <reporter-output>
  </reporter-output>
  <suite started-at="2025-11-20T14:13:13 IST" name="Suite" finished-at="2025-11-20T14:14:50 IST" duration-ms="97276">
    <groups>
    </groups>
    <test started-at="2025-11-20T14:13:13 IST" name="TestLogin" finished-at="2025-11-20T14:13:22 IST" duration-ms="8616">
      <class name="Login">
        <test-method is-config="true" signature="beforeTest()[pri:0, instance:Login@12b0404f]" started-at="2025-11-20T14:13:13 IST" name="beforeTest" finished-at="2025-11-20T14:13:18 IST" duration-ms="5244" status="PASS">
          <reporter-output>
          </reporter-output>
        </test-method> <!-- beforeTest -->
        <test-method signature="f()[pri:0, instance:Login@12b0404f]" started-at="2025-11-20T14:13:18 IST" name="f" finished-at="2025-11-20T14:13:21 IST" duration-ms="3170" status="PASS">
          <reporter-output>
          </reporter-output>
        </test-method> <!-- f -->
        <test-method is-config="true" signature="afterTest()[pri:0, instance:Login@12b0404f]" started-at="2025-11-20T14:13:21 IST" name="afterTest" finished-at="2025-11-20T14:13:22 IST" duration-ms="165" status="PASS">
          <reporter-output>
          </reporter-output>
        </test-method> <!-- afterTest -->
      </class> <!-- Login -->
    </test> <!-- TestLogin -->
    <test started-at="2025-11-20T14:13:22 IST" name="TestBuzz" finished-at="2025-11-20T14:13:33 IST" duration-ms="11184">
      <class name="BuzzTest">
        <test-method is-config="true" signature="beforeTest()[pri:0, instance:BuzzTest@149e0f5d]" started-at="2025-11-20T14:13:22 IST" name="beforeTest" finished-at="2025-11-20T14:13:26 IST" duration-ms="4461" status="PASS">
          <reporter-output>
          </reporter-output>
        </test-method> <!-- beforeTest -->
        <test-method signature="f()[pri:0, instance:BuzzTest@149e0f5d]" started-at="2025-11-20T14:13:26 IST" name="f" finished-at="2025-11-20T14:13:33 IST" duration-ms="6510" status="PASS">
          <reporter-output>
          </reporter-output>
        </test-method> <!-- f -->
        <test-method is-config="true" signature="afterTest()[pri:0, instance:BuzzTest@149e0f5d]" started-at="2025-11-20T14:13:33 IST" name="afterTest" finished-at="2025-11-20T14:13:33 IST" duration-ms="210" status="PASS">
          <reporter-output>
          </reporter-output>
        </test-method> <!-- afterTest -->
      </class> <!-- BuzzTest -->
    </test> <!-- TestBuzz -->
    <test started-at="2025-11-20T14:13:33 IST" name="TestDropdown" finished-at="2025-11-20T14:14:19 IST" duration-ms="45889">
      <class name="DropdownTest">
        <test-method is-config="true" signature="beforeTest()[pri:0, instance:DropdownTest@6af93788]" started-at="2025-11-20T14:13:33 IST" name="beforeTest" finished-at="2025-11-20T14:14:00 IST" duration-ms="27109" status="PASS">
          <reporter-output>
          </reporter-output>
        </test-method> <!-- beforeTest -->
        <test-method signature="f()[pri:0, instance:DropdownTest@6af93788]" started-at="2025-11-20T14:14:00 IST" name="f" finished-at="2025-11-20T14:14:19 IST" duration-ms="18536" status="FAIL">
          <exception class="java.lang.AssertionError">
            <message>
              <![CDATA[expected [true] but found [false]]]>
            </message>
            <full-stacktrace>
              <![CDATA[java.lang.AssertionError: expected [true] but found [false]
at org.testng.Assert.fail(Assert.java:111)
at org.testng.Assert.failNotEquals(Assert.java:1590)
at org.testng.Assert.assertTrue(Assert.java:57)
at org.testng.Assert.assertTrue(Assert.java:67)
at DropdownTest.f(DropdownTest.java:43)
at java.base/jdk.internal.reflect.DirectMethodHandleAccessor.invoke(DirectMethodHandleAccessor.java:104)
at java.base/java.lang.reflect.Method.invoke(Method.java:565)
at org.testng.internal.invokers.MethodInvocationHelper.invokeMethod(MethodInvocationHelper.java:141)
at org.testng.internal.invokers.TestInvoker.invokeMethod(TestInvoker.java:687)
at org.testng.internal.invokers.TestInvoker.invokeTestMethod(TestInvoker.java:230)
at org.testng.internal.invokers.MethodRunner.runInSequence(MethodRunner.java:63)
at org.testng.internal.invokers.TestInvoker$MethodInvocationAgent.invoke(TestInvoker.java:995)
at org.testng.internal.invokers.TestInvoker.invokeTestMethods(TestInvoker.java:203)
at org.testng.internal.invokers.TestMethodWorker.invokeTestMethods(TestMethodWorker.java:154)
at org.testng.internal.invokers.TestMethodWorker.run(TestMethodWorker.java:134)
at java.base/java.util.ArrayList.forEach(ArrayList.java:1604)
at org.testng.TestRunner.privateRun(TestRunner.java:741)
at org.testng.TestRunner.run(TestRunner.java:616)
at org.testng.SuiteRunner.runTest(SuiteRunner.java:421)
at org.testng.SuiteRunner.runSequentially(SuiteRunner.java:413)
at org.testng.SuiteRunner.privateRun(SuiteRunner.java:373)
at org.testng.SuiteRunner.run(SuiteRunner.java:312)
at org.testng.SuiteRunnerWorker.runSuite(SuiteRunnerWorker.java:52)
at org.testng.SuiteRunnerWorker.run(SuiteRunnerWorker.java:95)
at org.testng.TestNG.runSuitesSequentially(TestNG.java:1274)
at org.testng.TestNG.runSuitesLocally(TestNG.java:1208)
at org.testng.TestNG.runSuites(TestNG.java:1112)
at org.testng.TestNG.run(TestNG.java:1079)
at org.apache.maven.surefire.testng.TestNGExecutor.run(TestNGExecutor.java:308)
at org.apache.maven.surefire.testng.TestNGXmlTestSuite.execute(TestNGXmlTestSuite.java:71)
at org.apache.maven.surefire.testng.TestNGProvider.invoke(TestNGProvider.java:113)
at org.apache.maven.surefire.booter.ForkedBooter.runSuitesInProcess(ForkedBooter.java:385)
at org.apache.maven.surefire.booter.ForkedBooter.execute(ForkedBooter.java:162)
at org.apache.maven.surefire.booter.ForkedBooter.run(ForkedBooter.java:507)
at org.apache.maven.surefire.booter.ForkedBooter.main(ForkedBooter.java:495)
]]>
            </full-stacktrace>
          </exception> <!-- java.lang.AssertionError -->
          <reporter-output>
          </reporter-output>
        </test-method> <!-- f -->
        <test-method is-config="true" signature="afterTest()[pri:0, instance:DropdownTest@6af93788]" started-at="2025-11-20T14:14:19 IST" name="afterTest" finished-at="2025-11-20T14:14:19 IST" duration-ms="236" status="PASS">
          <reporter-output>
          </reporter-output>
        </test-method> <!-- afterTest -->
      </class> <!-- DropdownTest -->
    </test> <!-- TestDropdown -->
    <test started-at="2025-11-20T14:14:19 IST" name="TestQuestionMark" finished-at="2025-11-20T14:14:29 IST" duration-ms="10266">
      <class name="QuestionMark">
        <test-method is-config="true" signature="beforeTest()[pri:0, instance:QuestionMark@5be6e01c]" started-at="2025-11-20T14:14:19 IST" name="beforeTest" finished-at="2025-11-20T14:14:23 IST" duration-ms="4526" status="PASS">
          <reporter-output>
          </reporter-output>
        </test-method> <!-- beforeTest -->
        <test-method signature="f()[pri:0, instance:QuestionMark@5be6e01c]" started-at="2025-11-20T14:14:23 IST" name="f" finished-at="2025-11-20T14:14:29 IST" duration-ms="5524" status="PASS">
          <reporter-output>
          </reporter-output>
        </test-method> <!-- f -->
        <test-method is-config="true" signature="afterTest()[pri:0, instance:QuestionMark@5be6e01c]" started-at="2025-11-20T14:14:29 IST" name="afterTest" finished-at="2025-11-20T14:14:29 IST" duration-ms="214" status="PASS">
          <reporter-output>
          </reporter-output>
        </test-method> <!-- afterTest -->
      </class> <!-- QuestionMark -->
    </test> <!-- TestQuestionMark -->
    <test started-at="2025-11-20T14:14:29 IST" name="TestTimesheet" finished-at="2025-11-20T14:14:50 IST" duration-ms="21272">
      <class name="Timesheet">
        <test-method is-config="true" signature="beforeSuite()[pri:0, instance:Timesheet@7ce3cb8e]" started-at="2025-11-20T14:13:13 IST" name="beforeSuite" finished-at="2025-11-20T14:13:13 IST" duration-ms="156" status="PASS">
          <reporter-output>
          </reporter-output>
        </test-method> <!-- beforeSuite -->
        <test-method is-config="true" signature="beforeTest()[pri:0, instance:Timesheet@7ce3cb8e]" started-at="2025-11-20T14:14:29 IST" name="beforeTest" finished-at="2025-11-20T14:14:34 IST" duration-ms="4862" status="PASS">
          <reporter-output>
          </reporter-output>
        </test-method> <!-- beforeTest -->
        <test-method signature="f()[pri:0, instance:Timesheet@7ce3cb8e]" started-at="2025-11-20T14:14:34 IST" name="f" finished-at="2025-11-20T14:14:50 IST" duration-ms="16222" status="FAIL">
          <exception class="java.lang.AssertionError">
            <message>
              <![CDATA[expected [true] but found [false]]]>
            </message>
            <full-stacktrace>
              <![CDATA[java.lang.AssertionError: expected [true] but found [false]
at org.testng.Assert.fail(Assert.java:111)
at org.testng.Assert.failNotEquals(Assert.java:1590)
at org.testng.Assert.assertTrue(Assert.java:57)
at org.testng.Assert.assertTrue(Assert.java:67)
at Timesheet.f(Timesheet.java:43)
at java.base/jdk.internal.reflect.DirectMethodHandleAccessor.invoke(DirectMethodHandleAccessor.java:104)
at java.base/java.lang.reflect.Method.invoke(Method.java:565)
at org.testng.internal.invokers.MethodInvocationHelper.invokeMethod(MethodInvocationHelper.java:141)
at org.testng.internal.invokers.TestInvoker.invokeMethod(TestInvoker.java:687)
at org.testng.internal.invokers.TestInvoker.invokeTestMethod(TestInvoker.java:230)
at org.testng.internal.invokers.MethodRunner.runInSequence(MethodRunner.java:63)
at org.testng.internal.invokers.TestInvoker$MethodInvocationAgent.invoke(TestInvoker.java:995)
at org.testng.internal.invokers.TestInvoker.invokeTestMethods(TestInvoker.java:203)
at org.testng.internal.invokers.TestMethodWorker.invokeTestMethods(TestMethodWorker.java:154)
at org.testng.internal.invokers.TestMethodWorker.run(TestMethodWorker.java:134)
at java.base/java.util.ArrayList.forEach(ArrayList.java:1604)
at org.testng.TestRunner.privateRun(TestRunner.java:741)
at org.testng.TestRunner.run(TestRunner.java:616)
at org.testng.SuiteRunner.runTest(SuiteRunner.java:421)
at org.testng.SuiteRunner.runSequentially(SuiteRunner.java:413)
at org.testng.SuiteRunner.privateRun(SuiteRunner.java:373)
at org.testng.SuiteRunner.run(SuiteRunner.java:312)
at org.testng.SuiteRunnerWorker.runSuite(SuiteRunnerWorker.java:52)
at org.testng.SuiteRunnerWorker.run(SuiteRunnerWorker.java:95)
at org.testng.TestNG.runSuitesSequentially(TestNG.java:1274)
at org.testng.TestNG.runSuitesLocally(TestNG.java:1208)
at org.testng.TestNG.runSuites(TestNG.java:1112)
at org.testng.TestNG.run(TestNG.java:1079)
at org.apache.maven.surefire.testng.TestNGExecutor.run(TestNGExecutor.java:308)
at org.apache.maven.surefire.testng.TestNGXmlTestSuite.execute(TestNGXmlTestSuite.java:71)
at org.apache.maven.surefire.testng.TestNGProvider.invoke(TestNGProvider.java:113)
at org.apache.maven.surefire.booter.ForkedBooter.runSuitesInProcess(ForkedBooter.java:385)
at org.apache.maven.surefire.booter.ForkedBooter.execute(ForkedBooter.java:162)
at org.apache.maven.surefire.booter.ForkedBooter.run(ForkedBooter.java:507)
at org.apache.maven.surefire.booter.ForkedBooter.main(ForkedBooter.java:495)
]]>
            </full-stacktrace>
          </exception> <!-- java.lang.AssertionError -->
          <reporter-output>
          </reporter-output>
        </test-method> <!-- f -->
        <test-method is-config="true" signature="afterTest()[pri:0, instance:Timesheet@7ce3cb8e]" started-at="2025-11-20T14:14:50 IST" name="afterTest" finished-at="2025-11-20T14:14:50 IST" duration-ms="185" status="PASS">
          <reporter-output>
          </reporter-output>
        </test-method> <!-- afterTest -->
        <test-method is-config="true" signature="afterSuite()[pri:0, instance:Timesheet@7ce3cb8e]" started-at="2025-11-20T14:14:50 IST" name="afterSuite" finished-at="2025-11-20T14:14:51 IST" duration-ms="262" status="PASS">
          <reporter-output>
          </reporter-output>
        </test-method> <!-- afterSuite -->
      </class> <!-- Timesheet -->
    </test> <!-- TestTimesheet -->
  </suite> <!-- Suite -->
</testng-results>
